c:\users\lgonzaga\desktop\agc2021-2\aula-08\05_advanced_lighting_blinn_phong\debug\vc142.pdb
c:\users\lgonzaga\desktop\agc2021-2\aula-08\05_advanced_lighting_blinn_phong\debug\vc142.idb
c:\users\lgonzaga\desktop\agc2021-2\aula-08\05_advanced_lighting_blinn_phong\debug\gl3w.obj
c:\users\lgonzaga\desktop\agc2021-2\aula-08\05_advanced_lighting_blinn_phong\debug\advanced_lighting_blinn_phong.obj
c:\users\lgonzaga\desktop\agc2021-2\aula-04\05_advanced_lighting_blinn_phong\debug\vc142.pdb
c:\users\lgonzaga\desktop\agc2021-2\aula-04\05_advanced_lighting_blinn_phong\debug\vc142.idb
c:\users\lgonzaga\desktop\agc2021-2\aula-04\05_advanced_lighting_blinn_phong\debug\gl3w.obj
c:\users\lgonzaga\desktop\agc2021-2\aula-04\05_advanced_lighting_blinn_phong\debug\advanced_lighting_blinn_phong.obj
c:\users\lgonzaga\desktop\agc2021-2\aula-08\05_advanced_lighting_blinn_phong\debug\05_advanced_lighting_blinn_phong.ilk
c:\users\lgonzaga\desktop\agc2021-2\aula-08\debug\05_advanced_lighting_blinn_phong.exe
c:\users\lgonzaga\desktop\agc2021-2\aula-08\debug\05_advanced_lighting_blinn_phong.pdb
c:\users\lgonzaga\desktop\agc2021-2\aula-04\debug\05_advanced_lighting_blinn_phong.exe
c:\users\lgonzaga\desktop\agc2021-2\aula-04\05_advanced_lighting_blinn_phong\debug\05_advanced_lighting_blinn_phong.ilk
c:\users\lgonzaga\desktop\agc2021-2\aula-04\debug\05_advanced_lighting_blinn_phong.pdb
c:\users\lgonzaga\desktop\agc2021-2\aula-04\05_advanced_lighting_blinn_phong\debug\05_advan.b5d8faa0.tlog\cl.command.1.tlog
c:\users\lgonzaga\desktop\agc2021-2\aula-04\05_advanced_lighting_blinn_phong\debug\05_advan.b5d8faa0.tlog\cl.read.1.tlog
c:\users\lgonzaga\desktop\agc2021-2\aula-04\05_advanced_lighting_blinn_phong\debug\05_advan.b5d8faa0.tlog\cl.write.1.tlog
c:\users\lgonzaga\desktop\agc2021-2\aula-04\05_advanced_lighting_blinn_phong\debug\05_advan.b5d8faa0.tlog\link.command.1.tlog
c:\users\lgonzaga\desktop\agc2021-2\aula-04\05_advanced_lighting_blinn_phong\debug\05_advan.b5d8faa0.tlog\link.read.1.tlog
c:\users\lgonzaga\desktop\agc2021-2\aula-04\05_advanced_lighting_blinn_phong\debug\05_advan.b5d8faa0.tlog\link.write.1.tlog
