C:\Program Files\Microsoft Visual Studio\2022\Community\MSBuild\Microsoft\VC\v170\Microsoft.CppBuild.targets(531,5): warning MSB8028: O diretório intermediário (x64\Debug\) contém arquivos compartilhados de outro projeto (03_advanced_lighting_blinn_phong.vcxproj, 05_advanced_lighting_blinn_phong.vcxproj). Isso pode levar a um comportamento incorreto de limpeza e recompilação.
  gl3w.c
  advanced_lighting_blinn_phong.cpp
C:\Users\felip\Documents\GitHub\EX01-Iluminacao\Lista 01\utils\filesystem.h(23,35): warning C4996: 'getenv': This function or variable may be unsafe. Consider using _dupenv_s instead. To disable deprecation, use _CRT_SECURE_NO_WARNINGS. See online help for details.
  (compilando o arquivo fonte 'advanced_lighting_blinn_phong.cpp')
  
C:\Users\felip\Documents\GitHub\EX01-Iluminacao\Lista 01\utils\shader_m.h(53,14): warning C4101: 'infoLog': variável local não referenciada
  (compilando o arquivo fonte 'advanced_lighting_blinn_phong.cpp')
  
C:\Users\felip\Documents\GitHub\EX01-Iluminacao\Lista 01\utils\shader_m.h(52,13): warning C4101: 'success': variável local não referenciada
  (compilando o arquivo fonte 'advanced_lighting_blinn_phong.cpp')
  
C:\Users\felip\Documents\GitHub\EX01-Iluminacao\Lista 01\utils\mesh.h(91,50): warning C4267: 'argumento': conversão de 'size_t' para 'GLsizei', possível perda de dados
  (compilando o arquivo fonte 'advanced_lighting_blinn_phong.cpp')
  
C:\Users\felip\Documents\GitHub\EX01-Iluminacao\Lista 01\05_advanced_lighting_blinn_phong\advanced_lighting_blinn_phong.cpp(137,28): warning C4244: 'inicializando': conversão de 'double' para 'float', possível perda de dados
C:\Users\felip\Documents\GitHub\EX01-Iluminacao\Lista 01\05_advanced_lighting_blinn_phong\advanced_lighting_blinn_phong.cpp(225,17): warning C4244: '=': conversão de 'double' para 'float', possível perda de dados
C:\Users\felip\Documents\GitHub\EX01-Iluminacao\Lista 01\05_advanced_lighting_blinn_phong\advanced_lighting_blinn_phong.cpp(226,17): warning C4244: '=': conversão de 'double' para 'float', possível perda de dados
C:\Users\felip\Documents\GitHub\EX01-Iluminacao\Lista 01\05_advanced_lighting_blinn_phong\advanced_lighting_blinn_phong.cpp(230,19): warning C4244: 'inicializando': conversão de 'double' para 'float', possível perda de dados
C:\Users\felip\Documents\GitHub\EX01-Iluminacao\Lista 01\05_advanced_lighting_blinn_phong\advanced_lighting_blinn_phong.cpp(231,19): warning C4244: 'inicializando': conversão de 'double' para 'float', possível perda de dados
C:\Users\felip\Documents\GitHub\EX01-Iluminacao\Lista 01\05_advanced_lighting_blinn_phong\advanced_lighting_blinn_phong.cpp(233,13): warning C4244: '=': conversão de 'double' para 'float', possível perda de dados
C:\Users\felip\Documents\GitHub\EX01-Iluminacao\Lista 01\05_advanced_lighting_blinn_phong\advanced_lighting_blinn_phong.cpp(234,13): warning C4244: '=': conversão de 'double' para 'float', possível perda de dados
C:\Users\felip\Documents\GitHub\EX01-Iluminacao\Lista 01\05_advanced_lighting_blinn_phong\advanced_lighting_blinn_phong.cpp(243,31): warning C4244: 'argumento': conversão de 'double' para 'float', possível perda de dados
LINK : warning LNK4098: defaultlib 'MSVCRT' conflita com uso de outras bibliotecas; use /NODEFAULTLIB:library
  advanced_lighting_blinn_phong.vcxproj -> C:\Users\felip\Documents\GitHub\EX01-Iluminacao\Lista 01\x64\Debug\EX 04.exe
