c:\users\lgonzaga\desktop\agc2021-2\aula-08\04_lighting_maps_specular_map\debug\vc142.pdb
c:\users\lgonzaga\desktop\agc2021-2\aula-08\04_lighting_maps_specular_map\debug\vc142.idb
c:\users\lgonzaga\desktop\agc2021-2\aula-08\04_lighting_maps_specular_map\debug\gl3w.obj
c:\users\lgonzaga\desktop\agc2021-2\aula-08\04_lighting_maps_specular_map\debug\lighting_maps_specular.obj
c:\users\lgonzaga\desktop\agc2021-2\aula-04\04_lighting_maps_specular_map\debug\vc142.pdb
c:\users\lgonzaga\desktop\agc2021-2\aula-04\04_lighting_maps_specular_map\debug\vc142.idb
c:\users\lgonzaga\desktop\agc2021-2\aula-04\04_lighting_maps_specular_map\debug\gl3w.obj
c:\users\lgonzaga\desktop\agc2021-2\aula-04\04_lighting_maps_specular_map\debug\lighting_maps_specular.obj
c:\users\lgonzaga\desktop\agc2021-2\aula-08\04_lighting_maps_specular_map\debug\04_lighting_maps_specular.ilk
c:\users\lgonzaga\desktop\agc2021-2\aula-08\debug\04_lighting_maps_specular.exe
c:\users\lgonzaga\desktop\agc2021-2\aula-08\debug\04_lighting_maps_specular.pdb
c:\users\lgonzaga\desktop\agc2021-2\aula-04\debug\04_lighting_maps_specular.exe
c:\users\lgonzaga\desktop\agc2021-2\aula-04\04_lighting_maps_specular_map\debug\04_lighting_maps_specular.ilk
c:\users\lgonzaga\desktop\agc2021-2\aula-04\debug\04_lighting_maps_specular.pdb
c:\users\lgonzaga\desktop\agc2021-2\aula-04\04_lighting_maps_specular_map\debug\04_light.139aa7c7.tlog\cl.command.1.tlog
c:\users\lgonzaga\desktop\agc2021-2\aula-04\04_lighting_maps_specular_map\debug\04_light.139aa7c7.tlog\cl.read.1.tlog
c:\users\lgonzaga\desktop\agc2021-2\aula-04\04_lighting_maps_specular_map\debug\04_light.139aa7c7.tlog\cl.write.1.tlog
c:\users\lgonzaga\desktop\agc2021-2\aula-04\04_lighting_maps_specular_map\debug\04_light.139aa7c7.tlog\link.command.1.tlog
c:\users\lgonzaga\desktop\agc2021-2\aula-04\04_lighting_maps_specular_map\debug\04_light.139aa7c7.tlog\link.read.1.tlog
c:\users\lgonzaga\desktop\agc2021-2\aula-04\04_lighting_maps_specular_map\debug\04_light.139aa7c7.tlog\link.write.1.tlog
