c:\users\lgonzaga\desktop\agc2021-2\aula-08\03_lighting_maps_diffuse_map\debug\vc142.pdb
c:\users\lgonzaga\desktop\agc2021-2\aula-08\03_lighting_maps_diffuse_map\debug\vc142.idb
c:\users\lgonzaga\desktop\agc2021-2\aula-08\03_lighting_maps_diffuse_map\debug\gl3w.obj
c:\users\lgonzaga\desktop\agc2021-2\aula-08\03_lighting_maps_diffuse_map\debug\lighting_maps_diffuse.obj
c:\users\lgonzaga\desktop\agc2021-2\aula-04\03_lighting_maps_diffuse_map\debug\vc142.pdb
c:\users\lgonzaga\desktop\agc2021-2\aula-04\03_lighting_maps_diffuse_map\debug\vc142.idb
c:\users\lgonzaga\desktop\agc2021-2\aula-04\03_lighting_maps_diffuse_map\debug\gl3w.obj
c:\users\lgonzaga\desktop\agc2021-2\aula-04\03_lighting_maps_diffuse_map\debug\lighting_maps_diffuse.obj
c:\users\lgonzaga\desktop\agc2021-2\aula-08\03_lighting_maps_diffuse_map\debug\03_lighting_maps_diffuse.ilk
c:\users\lgonzaga\desktop\agc2021-2\aula-08\debug\03_lighting_maps_diffuse.exe
c:\users\lgonzaga\desktop\agc2021-2\aula-08\debug\03_lighting_maps_diffuse.pdb
c:\users\lgonzaga\desktop\agc2021-2\aula-04\debug\03_lighting_maps_diffuse.exe
c:\users\lgonzaga\desktop\agc2021-2\aula-04\03_lighting_maps_diffuse_map\debug\03_lighting_maps_diffuse.ilk
c:\users\lgonzaga\desktop\agc2021-2\aula-04\debug\03_lighting_maps_diffuse.pdb
c:\users\lgonzaga\desktop\agc2021-2\aula-04\03_lighting_maps_diffuse_map\debug\03_light.357e483b.tlog\cl.command.1.tlog
c:\users\lgonzaga\desktop\agc2021-2\aula-04\03_lighting_maps_diffuse_map\debug\03_light.357e483b.tlog\cl.read.1.tlog
c:\users\lgonzaga\desktop\agc2021-2\aula-04\03_lighting_maps_diffuse_map\debug\03_light.357e483b.tlog\cl.write.1.tlog
c:\users\lgonzaga\desktop\agc2021-2\aula-04\03_lighting_maps_diffuse_map\debug\03_light.357e483b.tlog\link.command.1.tlog
c:\users\lgonzaga\desktop\agc2021-2\aula-04\03_lighting_maps_diffuse_map\debug\03_light.357e483b.tlog\link.read.1.tlog
c:\users\lgonzaga\desktop\agc2021-2\aula-04\03_lighting_maps_diffuse_map\debug\03_light.357e483b.tlog\link.write.1.tlog
